\BOOKMARK [0][-]{chapter.1}{Background\040and\040Introduction}{}% 1
\BOOKMARK [1][-]{section.1.1}{Motivation\040-\040Solar\040Technology}{chapter.1}% 2
\BOOKMARK [1][-]{section.1.2}{2D\040Materials\040in\040Photonics}{chapter.1}% 3
\BOOKMARK [1][-]{section.1.3}{Increasing\040Light\040Absorption\040in\0402D\040Materials}{chapter.1}% 4
\BOOKMARK [0][-]{chapter.2}{Theory}{}% 5
\BOOKMARK [1][-]{section.2.1}{Background\040Theory}{chapter.2}% 6
\BOOKMARK [2][-]{subsection.2.1.1}{Electronic\040Structure\040Calculations}{section.2.1}% 7
\BOOKMARK [2][-]{subsection.2.1.2}{Excited\040State\040Calculations}{section.2.1}% 8
\BOOKMARK [2][-]{subsection.2.1.3}{Obtaining\040Optical\040Properties}{section.2.1}% 9
\BOOKMARK [1][-]{section.2.2}{Projected\040Equations\040of\040Motion\040Method\040for\040Composite\040Materials}{chapter.2}% 10
\BOOKMARK [0][-]{chapter.3}{Results}{}% 11
\BOOKMARK [1][-]{section.3.1}{Semiconducting\040Quantum\040Dot-Metal\040Nanoparticle\040Hybrid}{chapter.3}% 12
\BOOKMARK [2][-]{subsection.3.1.1}{Describing\040the\040System}{section.3.1}% 13
\BOOKMARK [2][-]{subsection.3.1.2}{Energy\040Absorption\040Rates}{section.3.1}% 14
\BOOKMARK [2][-]{subsection.3.1.3}{Population\040Inversion}{section.3.1}% 15
\BOOKMARK [1][-]{section.3.2}{Optical\040Spectra\040for\040MoS2Composites}{chapter.3}% 16
\BOOKMARK [2][-]{subsection.3.2.1}{MoS2Monolayer}{section.3.2}% 17
\BOOKMARK [2][-]{subsection.3.2.2}{MoS2/\040Graphene\040Monolayers}{section.3.2}% 18
\BOOKMARK [2][-]{subsection.3.2.3}{MoS2Bilayer}{section.3.2}% 19
\BOOKMARK [2][-]{subsection.3.2.4}{MoS2Monolayer\040on\040Gold\040Surface}{section.3.2}% 20
\BOOKMARK [2][-]{subsection.3.2.5}{MoS2Monolayer\040with\040Gold\040Nanoparticles}{section.3.2}% 21
\BOOKMARK [0][-]{chapter.4}{Conclusions}{}% 22
